
Showing logs for build [32mjenkins-x-labs-bot-bdd-gh-15863-h47g7-1[0m stage [32mfrom-build-pack[0m and container [32mstep-credential-initializer-n4h8p[0m
{"level":"warn","ts":1586346123.1874182,"logger":"fallback-logger","caller":"logging/config.go:69","msg":"Fetch GitHub commit ID from kodata failed: \"ref: refs/heads/0.8.0-**-support-backwards-incompats\" is not a valid GitHub commit ID"}
{"level":"info","ts":1586346123.1879551,"logger":"fallback-logger","caller":"creds-init/main.go:40","msg":"Credentials initialized."}

Showing logs for build [32mjenkins-x-labs-bot-bdd-gh-15863-h47g7-1[0m stage [32mfrom-build-pack[0m and container [32mstep-working-dir-initializer-ngt7p[0m
{"level":"warn","ts":1586346123.6944256,"logger":"fallback-logger","caller":"logging/config.go:69","msg":"Fetch GitHub commit ID from kodata failed: open /var/run/ko/HEAD: no such file or directory"}
{"level":"info","ts":1586346123.6962094,"logger":"fallback-logger","caller":"bash/main.go:64","msg":"Successfully executed command \"sh -c mkdir -p /workspace/source\"; output "}

Showing logs for build [32mjenkins-x-labs-bot-bdd-gh-15863-h47g7-1[0m stage [32mfrom-build-pack[0m and container [32mstep-place-tools[0m

Showing logs for build [32mjenkins-x-labs-bot-bdd-gh-15863-h47g7-1[0m stage [32mfrom-build-pack[0m and container [32mstep-git-source-jenkins-x-labs-bot-bdd-gh-15863-h47g7-778s9[0m
{"level":"warn","ts":1586346129.8090575,"logger":"fallback-logger","caller":"logging/config.go:69","msg":"Fetch GitHub commit ID from kodata failed: \"ref: refs/heads/0.8.0-**-support-backwards-incompats\" is not a valid GitHub commit ID"}
{"level":"info","ts":1586346130.8427377,"logger":"fallback-logger","caller":"git/git.go:103","msg":"Successfully cloned https://github.com/******************/bdd-gh-1586345603.git @ master in path /workspace/source"}

Showing logs for build [32mjenkins-x-labs-bot-bdd-gh-15863-h47g7-1[0m stage [32mfrom-build-pack[0m and container [32mstep-git-merge[0m
Using SHAs from PULL_REFS=master:19db8df5aa1e4a9019ae11959c37888591f92766,1:c37ed3541a4133f7acdef9c49af68e75df27fbf8
DEBUG: LC_ALL=C JX_LOG_LEVEL=error git fetch origin --unshallow c37ed3541a4133f7acdef9c49af68e75df27fbf8: 19db8df5aa1e4a9019ae11959c37888591f92766:
DEBUG: ran git fetch --unshallow origin c37ed3541a4133f7acdef9c49af68e75df27fbf8: 19db8df5aa1e4a9019ae11959c37888591f92766: in 
DEBUG: LC_ALL=C JX_LOG_LEVEL=error git branch
DEBUG: LC_ALL=C JX_LOG_LEVEL=error git checkout master
DEBUG: ran git checkout master in 
DEBUG: LC_ALL=C JX_LOG_LEVEL=error git reset --hard 19db8df5aa1e4a9019ae11959c37888591f92766
DEBUG: ran git reset --hard 19db8df5aa1e4a9019ae11959c37888591f92766 in 
DEBUG: LC_ALL=C JX_LOG_LEVEL=error git clean -fd .
DEBUG: ran clean --force -d . in 
DEBUG: JX_LOG_LEVEL=error LC_ALL=C git merge c37ed3541a4133f7acdef9c49af68e75df27fbf8
DEBUG: ran git merge c37ed3541a4133f7acdef9c49af68e75df27fbf8 in 
DEBUG: LC_ALL=C JX_LOG_LEVEL=error git log --format=%H%x1f%an%x1f%ae%x1f%cn%x1f%ce%x1f%s%n%b%x1e 19db8df5aa1e4a9019ae11959c37888591f92766..HEAD
Merged SHA c37ed3541a4133f7acdef9c49af68e75df27fbf8 with commit message 'My first PR commit' into base branch master

Showing logs for build [32mjenkins-x-labs-bot-bdd-gh-15863-h47g7-1[0m stage [32mfrom-build-pack[0m and container [32mstep-build-make-linux[0m
CGO_ENABLED=0 GOOS=linux GOARCH=amd64 GO15VENDOREXPERIMENT=1 go build -ldflags '' -o bin/bdd-gh-1586345603 main.go

Showing logs for build [32mjenkins-x-labs-bot-bdd-gh-15863-h47g7-1[0m stage [32mfrom-build-pack[0m and container [32mstep-build-container-build[0m
ERROR: logging before flag.Parse: E0408 11:42:18.670010      11 metadata.go:241] Failed to unmarshal scopes: invalid character 'h' looking for beginning of value
[36mINFO[0m[0000] No base image, nothing to extract            
[36mINFO[0m[0000] cmd: EXPOSE                                  
[36mINFO[0m[0000] Adding exposed port: 8080/tcp                
[36mINFO[0m[0000] Using files from context: [/workspace/source/bin] 
[36mINFO[0m[0000] Skipping unpacking as no commands require it. 
[36mINFO[0m[0000] Taking snapshot of full filesystem...        
[36mINFO[0m[0000] EXPOSE 8080                                  
[36mINFO[0m[0000] cmd: EXPOSE                                  
[36mINFO[0m[0000] Adding exposed port: 8080/tcp                
[36mINFO[0m[0000] No files changed in this command, skipping snapshotting. 
[36mINFO[0m[0000] ENTRYPOINT ["/bdd-gh-1586345603"]            
[36mINFO[0m[0000] No files changed in this command, skipping snapshotting. 
[36mINFO[0m[0000] Using files from context: [/workspace/source/bin] 
[36mINFO[0m[0000] COPY ./bin/ /                                
[36mINFO[0m[0000] Taking snapshot of files...                  
2020/04/08 11:42:22 pushed blob: sha256:e6c6ca650f323655e34831bacca42dc4e86a1c9d4141047ad9f072d0cb452787
2020/04/08 11:42:23 pushed blob: sha256:c9048c0a38897dfb30c073cbd1b93b481a1a0a884e09bb93aa66d3964b17e238
2020/04/08 11:42:24 gcr.io/jenkins-x-labs-bdd/bdd-gh-1586345603:0.0.0-SNAPSHOT-PR-1-1: digest: sha256:c6b5bd29471cfbcb9baa02e8714697cc9078e6d6922865df8bc7eab3411d4b01 size: 428

Showing logs for build [32mjenkins-x-labs-bot-bdd-gh-15863-h47g7-1[0m stage [32mfrom-build-pack[0m and container [32mstep-postbuild-post-build[0m
no CVE provider running in the current ** namespace so skip adding image to be analysed

Showing logs for build [32mjenkins-x-labs-bot-bdd-gh-15863-h47g7-1[0m stage [32mfrom-build-pack[0m and container [32mstep-promote-make-preview[0m
sed -i -e "s/version:.*/version: 0.0.0-SNAPSHOT-PR-1-1/" Chart.yaml
sed -i -e "s/version:.*/version: 0.0.0-SNAPSHOT-PR-1-1/" ../*/Chart.yaml
sed -i -e "s|repository:.*|repository: gcr.io\/jenkins-x-labs-bdd\/bdd-gh-1586345603|" values.yaml
sed -i -e "s/tag:.*/tag: 0.0.0-SNAPSHOT-PR-1-1/" values.yaml
echo "  version: 0.0.0-SNAPSHOT-PR-1-1" >> requirements.yaml
** step helm build
WARNING: No $CHART_REPOSITORY defined so using the default value of: http://jenkins-x-chartmuseum:8080
Adding missing Helm repo: storage.googleapis.com https://storage.googleapis.com/chartmuseum.jenkins-x.io
Successfully added Helm repository storage.googleapis.com.
Adding missing Helm repo: jenkins-x-chartmuseum http://jenkins-x-chartmuseum:8080
Successfully added Helm repository jenkins-x-chartmuseum.
WARNING: No $CHART_REPOSITORY defined so using the default value of: http://jenkins-x-chartmuseum:8080

Showing logs for build [32mjenkins-x-labs-bot-bdd-gh-15863-h47g7-1[0m stage [32mfrom-build-pack[0m and container [32mstep-promote-jx-preview[0m
Creating a preview
Created environment ******************-bdd-gh-1586345603-pr-1
Namespace **-******************-bdd-gh-1586345603-pr-1 created 
expose:
  Annotations:
    helm.sh/hook: post-install,post-upgrade
    helm.sh/hook-delete-policy: hook-succeeded
  config:
    domain: 34.77.41.205.nip.io
    exposer: Ingress
    http: "true"
preview:
  image:
    repository: gcr.io/jenkins-x-labs-bdd/bdd-gh-1586345603
    tag: 0.0.0-SNAPSHOT-PR-1-1
adding helm values file /workspace/source/charts/preview/**Requirements.values.yaml for namespace **-******************-bdd-gh-1586345603-pr-1
Updating PipelineActivities ******************-bdd-gh-1586345603-pr-1-1 which has status Running
WARNING: preview application http://bdd-gh-1586345603-**-******************-bdd-gh-1586345603-pr-1.34.77.41.205.nip.io not available, error was 503 503 Service Temporarily Unavailable, delaying for: 1.252573036s
Preview application is now available at: http://bdd-gh-1586345603-**-******************-bdd-gh-1586345603-pr-1.34.77.41.205.nip.io
